Using pre-set license
Built from '2020.3/release' branch; Version is '2020.3.27f1 (e759542391ea) revision 15161684'; Using compiler version '192528614'; Build Type 'Release'
OS: 'Windows 11  (10.0.22000) 64bit Core' Language: 'en' Physical Memory: 16045 MB
BatchMode: 1, IsHumanControllingUs: 0, StartBugReporterOnCrash: 0, Is64bit: 1, IsPro: 0

COMMAND LINE ARGUMENTS:
C:\Program Files\Unity\Hub\Editor\2020.3.27f1\Editor\Unity.exe
-adb2
-batchMode
-noUpm
-name
AssetImportWorker0
-projectPath
C:/Users/bgibs/Desktop/AR Drums Local Repo/ARDrumsRepo/ARDrumsMouseClickable
-logFile
Logs/AssetImportWorker0.log
-srvPort
60266
Successfully changed project path to: C:/Users/bgibs/Desktop/AR Drums Local Repo/ARDrumsRepo/ARDrumsMouseClickable
C:/Users/bgibs/Desktop/AR Drums Local Repo/ARDrumsRepo/ARDrumsMouseClickable
Using Asset Import Pipeline V2.
Refreshing native plugins compatible for Editor in 26.88 ms, found 2 plugins.
Preloading 0 native plugins for Editor in 0.00 ms.
Initialize engine version: 2020.3.27f1 (e759542391ea)
[Subsystems] Discovering subsystems at path C:/Program Files/Unity/Hub/Editor/2020.3.27f1/Editor/Data/Resources/UnitySubsystems
[Subsystems] Discovering subsystems at path C:/Users/bgibs/Desktop/AR Drums Local Repo/ARDrumsRepo/ARDrumsMouseClickable/Assets
GfxDevice: creating device client; threaded=0
Direct3D:
    Version:  Direct3D 11.0 [level 11.1]
    Renderer: NVIDIA GeForce RTX 3070 Laptop GPU (ID=0x24dd)
    Vendor:   
    VRAM:     8044 MB
    Driver:   30.0.15.1165
Initialize mono
Mono path[0] = 'C:/Program Files/Unity/Hub/Editor/2020.3.27f1/Editor/Data/Managed'
Mono path[1] = 'C:/Program Files/Unity/Hub/Editor/2020.3.27f1/Editor/Data/MonoBleedingEdge/lib/mono/unityjit'
Mono config path = 'C:/Program Files/Unity/Hub/Editor/2020.3.27f1/Editor/Data/MonoBleedingEdge/etc'
Using monoOptions --debugger-agent=transport=dt_socket,embedding=1,server=y,suspend=n,address=127.0.0.1:56580
Begin MonoManager ReloadAssembly
Registering precompiled unity dll's ...
Register platform support module: C:/Program Files/Unity/Hub/Editor/2020.3.27f1/Editor/Data/PlaybackEngines/WebGLSupport/UnityEditor.WebGL.Extensions.dll
Register platform support module: C:/Program Files/Unity/Hub/Editor/2020.3.27f1/Editor/Data/PlaybackEngines/WindowsStandaloneSupport/UnityEditor.WindowsStandalone.Extensions.dll
Registered in 0.001341 seconds.
Native extension for WindowsStandalone target not found
Native extension for WebGL target not found
Refreshing native plugins compatible for Editor in 23.30 ms, found 2 plugins.
Preloading 0 native plugins for Editor in 0.00 ms.
Mono: successfully reloaded assembly
- Completed reload, in  0.424 seconds
Domain Reload Profiling:
	ReloadAssembly (424ms)
		BeginReloadAssembly (44ms)
			ExecutionOrderSort (0ms)
			DisableScriptedObjects (0ms)
			BackupInstance (0ms)
			ReleaseScriptingObjects (0ms)
			CreateAndSetChildDomain (1ms)
		EndReloadAssembly (330ms)
			LoadAssemblies (43ms)
			RebuildTransferFunctionScriptingTraits (0ms)
			SetupTypeCache (116ms)
			ReleaseScriptCaches (0ms)
			RebuildScriptCaches (22ms)
			SetupLoadedEditorAssemblies (118ms)
				LogAssemblyErrors (0ms)
				InitializePlatformSupportModulesInManaged (4ms)
				SetLoadedEditorAssemblies (0ms)
				RefreshPlugins (23ms)
				BeforeProcessingInitializeOnLoad (6ms)
				ProcessInitializeOnLoadAttributes (64ms)
				ProcessInitializeOnLoadMethodAttributes (21ms)
				AfterProcessingInitializeOnLoad (0ms)
				EditorAssembliesLoaded (0ms)
			ExecutionOrderSort2 (0ms)
			AwakeInstancesAfterBackupRestoration (0ms)
Platform modules already initialized, skipping
Registering precompiled user dll's ...
Registered in 0.002326 seconds.
Begin MonoManager ReloadAssembly
Native extension for WindowsStandalone target not found
Native extension for WebGL target not found
Refreshing native plugins compatible for Editor in 0.38 ms, found 2 plugins.
Preloading 0 native plugins for Editor in 0.00 ms.
Mono: successfully reloaded assembly
- Completed reload, in  0.701 seconds
Domain Reload Profiling:
	ReloadAssembly (702ms)
		BeginReloadAssembly (105ms)
			ExecutionOrderSort (0ms)
			DisableScriptedObjects (3ms)
			BackupInstance (0ms)
			ReleaseScriptingObjects (0ms)
			CreateAndSetChildDomain (16ms)
		EndReloadAssembly (553ms)
			LoadAssemblies (65ms)
			RebuildTransferFunctionScriptingTraits (0ms)
			SetupTypeCache (197ms)
			ReleaseScriptCaches (0ms)
			RebuildScriptCaches (28ms)
			SetupLoadedEditorAssemblies (201ms)
				LogAssemblyErrors (0ms)
				InitializePlatformSupportModulesInManaged (4ms)
				SetLoadedEditorAssemblies (0ms)
				RefreshPlugins (0ms)
				BeforeProcessingInitializeOnLoad (39ms)
				ProcessInitializeOnLoadAttributes (147ms)
				ProcessInitializeOnLoadMethodAttributes (6ms)
				AfterProcessingInitializeOnLoad (3ms)
				EditorAssembliesLoaded (0ms)
			ExecutionOrderSort2 (0ms)
			AwakeInstancesAfterBackupRestoration (4ms)
Platform modules already initialized, skipping
========================================================================
Worker process is ready to serve import requests
Launched and connected shader compiler UnityShaderCompiler.exe after 0.05 seconds
Refreshing native plugins compatible for Editor in 0.42 ms, found 2 plugins.
Preloading 0 native plugins for Editor in 0.00 ms.
Unloading 1506 Unused Serialized files (Serialized files now loaded: 0)
System memory in use before: 69.7 MB.
System memory in use after: 69.8 MB.

Unloading 19 unused Assets to reduce memory usage. Loaded Objects now: 1941.
Total: 3.536100 ms (FindLiveObjects: 0.184400 ms CreateObjectMapping: 0.046200 ms MarkObjects: 3.221900 ms  DeleteObjects: 0.082200 ms)

AssetImportParameters requested are different than current active one (requested -> active):
  custom:framework-win-MediaFoundation: 216162199b28c13a410421893ffa2e32 -> 
  custom:video-decoder-ogg-theora: a1e56fd34408186e4bbccfd4996cb3dc -> 
  custom:container-muxer-webm: aa71ff27fc2769a1b78a27578f13a17b -> 
  custom:container-demuxer-webm: 4f35f7cbe854078d1ac9338744f61a02 -> 
  custom:container-demuxer-ogg: 62fdf1f143b41e24485cea50d1cbac27 -> 
  custom:video-encoder-webm-vp8: eb34c28f22e8b96e1ab97ce403110664 -> 
  custom:video-codec-MediaFoundation-h265: 746d11721c4dcdbdad8f713fa42b33f4 -> 
  custom:video-decoder-webm-vp8: 9c59270c3fd7afecdb556c50c9e8de78 -> 
  custom:audio-decoder-ogg-vorbis: bf7c407c2cedff20999df2af8eb42d56 -> 
  custom:audio-encoder-webm-vorbis: bf7c407c2cedff20999df2af8eb42d56 -> 
========================================================================
Received Import Request.
  path: Assets/Scripts
  artifactKey: Guid(bd72c446d67209f4cb58ae8d65bfe4fe) Importer(815301076,1909f56bfc062723c751e8b465ee728b)
Start importing Assets/Scripts using Guid(bd72c446d67209f4cb58ae8d65bfe4fe) Importer(815301076,1909f56bfc062723c751e8b465ee728b)  -> (artifact id: 'a569386fd64a5634fe4028089e5d5cbf') in 0.012452 seconds 
  Import took 0.015993 seconds .

========================================================================
Received Import Request.
  Time since last request: 4.653788 seconds.
  path: Assets/Scripts/AudioPlayer.cs
  artifactKey: Guid(472157bb8716a074691f4cb7c2c77836) Importer(815301076,1909f56bfc062723c751e8b465ee728b)
Start importing Assets/Scripts/AudioPlayer.cs using Guid(472157bb8716a074691f4cb7c2c77836) Importer(815301076,1909f56bfc062723c751e8b465ee728b)  -> (artifact id: 'ff29b4ff7bf928762d0f8104fb4bf9ca') in 0.050936 seconds 
  Import took 0.052879 seconds .

========================================================================
Received Prepare
Refreshing native plugins compatible for Editor in 1.98 ms, found 2 plugins.
Preloading 0 native plugins for Editor in 0.00 ms.
Unloading 12 Unused Serialized files (Serialized files now loaded: 0)
System memory in use before: 39.5 MB.
System memory in use after: 39.6 MB.

Unloading 12 unused Assets to reduce memory usage. Loaded Objects now: 1941.
Total: 2.735900 ms (FindLiveObjects: 0.173100 ms CreateObjectMapping: 0.066400 ms MarkObjects: 2.476800 ms  DeleteObjects: 0.018300 ms)

AssetImportParameters requested are different than current active one (requested -> active):
  custom:framework-win-MediaFoundation: 216162199b28c13a410421893ffa2e32 -> 
  custom:video-decoder-ogg-theora: a1e56fd34408186e4bbccfd4996cb3dc -> 
  custom:container-muxer-webm: aa71ff27fc2769a1b78a27578f13a17b -> 
  custom:container-demuxer-webm: 4f35f7cbe854078d1ac9338744f61a02 -> 
  custom:container-demuxer-ogg: 62fdf1f143b41e24485cea50d1cbac27 -> 
  custom:video-encoder-webm-vp8: eb34c28f22e8b96e1ab97ce403110664 -> 
  custom:video-codec-MediaFoundation-h265: 746d11721c4dcdbdad8f713fa42b33f4 -> 
  custom:video-decoder-webm-vp8: 9c59270c3fd7afecdb556c50c9e8de78 -> 
  custom:audio-decoder-ogg-vorbis: bf7c407c2cedff20999df2af8eb42d56 -> 
  custom:audio-encoder-webm-vorbis: bf7c407c2cedff20999df2af8eb42d56 -> 
========================================================================
Received Import Request.
  Time since last request: 52.067539 seconds.
  path: Assets/Scripts/InstantiatePrefab.cs
  artifactKey: Guid(a1b5cef1bc06ce641a078608319233eb) Importer(815301076,1909f56bfc062723c751e8b465ee728b)
Start importing Assets/Scripts/InstantiatePrefab.cs using Guid(a1b5cef1bc06ce641a078608319233eb) Importer(815301076,1909f56bfc062723c751e8b465ee728b)  -> (artifact id: 'b1083431c3da06307735fd18177374ca') in 0.006888 seconds 
  Import took 0.009208 seconds .

========================================================================
Received Import Request.
  Time since last request: 24.940978 seconds.
  path: Assets/Scripts/MouseFollow.cs
  artifactKey: Guid(c15cee0b879e0fb4e9ee2dbd8c86051b) Importer(815301076,1909f56bfc062723c751e8b465ee728b)
Start importing Assets/Scripts/MouseFollow.cs using Guid(c15cee0b879e0fb4e9ee2dbd8c86051b) Importer(815301076,1909f56bfc062723c751e8b465ee728b)  -> (artifact id: 'b59a48a3fa93fb58031f12caa1eb0d44') in 0.006177 seconds 
  Import took 0.008143 seconds .

========================================================================
Received Import Request.
  Time since last request: 115.443508 seconds.
  path: Assets/Prefabs/Drum Kit.prefab
  artifactKey: Guid(8568973b327fbf848b462156cb2197d4) Importer(815301076,1909f56bfc062723c751e8b465ee728b)
Start importing Assets/Prefabs/Drum Kit.prefab using Guid(8568973b327fbf848b462156cb2197d4) Importer(815301076,1909f56bfc062723c751e8b465ee728b)  -> (artifact id: '797f16c7838dc179a0781f59f4c63456') in 0.167775 seconds 
  Import took 0.170697 seconds .

========================================================================
Received Import Request.
  Time since last request: 0.000214 seconds.
  path: Assets/Prefabs/Fake Shadows.prefab
  artifactKey: Guid(88922068cdc86fc44801802a5091ba9e) Importer(815301076,1909f56bfc062723c751e8b465ee728b)
Start importing Assets/Prefabs/Fake Shadows.prefab using Guid(88922068cdc86fc44801802a5091ba9e) Importer(815301076,1909f56bfc062723c751e8b465ee728b)  -> (artifact id: '3eafba6f031e81586a7d0c2e55922218') in 0.019876 seconds 
  Import took 0.022174 seconds .

========================================================================
Received Import Request.
  Time since last request: 0.000201 seconds.
  path: Assets/Prefabs/DrumStickPref.prefab
  artifactKey: Guid(d344981a1bd45df4db6d6fb8164b4938) Importer(815301076,1909f56bfc062723c751e8b465ee728b)
Start importing Assets/Prefabs/DrumStickPref.prefab using Guid(d344981a1bd45df4db6d6fb8164b4938) Importer(815301076,1909f56bfc062723c751e8b465ee728b)  -> (artifact id: '7591a1ad8b08b90729e1fc8fe0a38b8b') in 0.015743 seconds 
  Import took 0.018266 seconds .

========================================================================
Received Import Request.
  Time since last request: 4.021538 seconds.
  path: Assets/Models/Basement.fbx
  artifactKey: Guid(61ffbeeb0e54ec942afc7060e9039c11) Importer(815301076,1909f56bfc062723c751e8b465ee728b)
Start importing Assets/Models/Basement.fbx using Guid(61ffbeeb0e54ec942afc7060e9039c11) Importer(815301076,1909f56bfc062723c751e8b465ee728b)  -> (artifact id: '984f97bbfe21d629ab04d92444eef48b') in 0.160470 seconds 
  Import took 0.163121 seconds .

========================================================================
Received Import Request.
  Time since last request: 0.000232 seconds.
  path: Assets/Models/Drum Stick.fbx
  artifactKey: Guid(22696800005a12d4cb4cd5e46a9ba1b3) Importer(815301076,1909f56bfc062723c751e8b465ee728b)
Start importing Assets/Models/Drum Stick.fbx using Guid(22696800005a12d4cb4cd5e46a9ba1b3) Importer(815301076,1909f56bfc062723c751e8b465ee728b)  -> (artifact id: '61239cbda9987654d79f218a6baa1391') in 0.016986 seconds 
  Import took 0.020430 seconds .

========================================================================
Received Import Request.
  Time since last request: 0.000249 seconds.
  path: Assets/Models/Rack Tom Large.fbx
  artifactKey: Guid(15db42f874d09474081758b6f6435fa8) Importer(815301076,1909f56bfc062723c751e8b465ee728b)
Start importing Assets/Models/Rack Tom Large.fbx using Guid(15db42f874d09474081758b6f6435fa8) Importer(815301076,1909f56bfc062723c751e8b465ee728b)  -> (artifact id: '0430f5634c4c3f133fad038b0d034378') in 0.072270 seconds 
  Import took 0.074623 seconds .

========================================================================
Received Import Request.
  Time since last request: 0.000218 seconds.
  path: Assets/Models/drum colider.fbx
  artifactKey: Guid(35ab76c9b6ccf174788dac049ce39e7a) Importer(815301076,1909f56bfc062723c751e8b465ee728b)
Start importing Assets/Models/drum colider.fbx using Guid(35ab76c9b6ccf174788dac049ce39e7a) Importer(815301076,1909f56bfc062723c751e8b465ee728b)  -> (artifact id: '6ea9b8304c23147137069977326c0f0c') in 0.045532 seconds 
  Import took 0.047918 seconds .

========================================================================
Received Import Request.
  Time since last request: 0.000206 seconds.
  path: Assets/Models/Snare Drum.fbx
  artifactKey: Guid(0337c696a40eb8541a1cd78768f06e71) Importer(815301076,1909f56bfc062723c751e8b465ee728b)
Start importing Assets/Models/Snare Drum.fbx using Guid(0337c696a40eb8541a1cd78768f06e71) Importer(815301076,1909f56bfc062723c751e8b465ee728b)  -> (artifact id: '81f61977f2bba8479f5e6a96c1d40db2') in 0.082667 seconds 
  Import took 0.084977 seconds .

========================================================================
Received Import Request.
  Time since last request: 0.000224 seconds.
  path: Assets/Models/Stool.fbx
  artifactKey: Guid(ce9857fa819e1594bb85f33a81074aa1) Importer(815301076,1909f56bfc062723c751e8b465ee728b)
Start importing Assets/Models/Stool.fbx using Guid(ce9857fa819e1594bb85f33a81074aa1) Importer(815301076,1909f56bfc062723c751e8b465ee728b)  -> (artifact id: '86f146e32742c023a844c274a796c1b4') in 0.060796 seconds 
  Import took 0.062962 seconds .

========================================================================
Received Import Request.
  Time since last request: 0.000173 seconds.
  path: Assets/Models/High Hat.fbx
  artifactKey: Guid(20b3696549887c846886f7e3aa49cc76) Importer(815301076,1909f56bfc062723c751e8b465ee728b)
Start importing Assets/Models/High Hat.fbx using Guid(20b3696549887c846886f7e3aa49cc76) Importer(815301076,1909f56bfc062723c751e8b465ee728b)  -> (artifact id: '95f515490f729567c87e4100e39efa99') in 0.114215 seconds 
  Import took 0.116610 seconds .

========================================================================
Received Import Request.
  Time since last request: 0.000251 seconds.
  path: Assets/Models/DrumStickTarget.mat
  artifactKey: Guid(748e6f0f89bac68409aac273e97b09c4) Importer(815301076,1909f56bfc062723c751e8b465ee728b)
Start importing Assets/Models/DrumStickTarget.mat using Guid(748e6f0f89bac68409aac273e97b09c4) Importer(815301076,1909f56bfc062723c751e8b465ee728b)  -> (artifact id: '3f9fab8d0e3d5febb44249bbd8f6089b') in 0.053525 seconds 
  Import took 0.055721 seconds .

========================================================================
Received Import Request.
  Time since last request: 0.000190 seconds.
  path: Assets/Models/Floor Tom.fbx
  artifactKey: Guid(4bf2b80e6c9d53044b66836ac38f9f62) Importer(815301076,1909f56bfc062723c751e8b465ee728b)
Start importing Assets/Models/Floor Tom.fbx using Guid(4bf2b80e6c9d53044b66836ac38f9f62) Importer(815301076,1909f56bfc062723c751e8b465ee728b)  -> (artifact id: '9f092375f2c93731118ced227166c38e') in 0.072749 seconds 
  Import took 0.075019 seconds .

========================================================================
Received Import Request.
  Time since last request: 0.000188 seconds.
  path: Assets/Models/DrumStick.mat
  artifactKey: Guid(b3a5a27e11436d5498f76ee29f9f1094) Importer(815301076,1909f56bfc062723c751e8b465ee728b)
Start importing Assets/Models/DrumStick.mat using Guid(b3a5a27e11436d5498f76ee29f9f1094) Importer(815301076,1909f56bfc062723c751e8b465ee728b)  -> (artifact id: 'a95bb9a0a229e8df2f87ebe6ee696992') in 0.010787 seconds 
  Import took 0.013145 seconds .

========================================================================
Received Import Request.
  Time since last request: 0.000181 seconds.
  path: Assets/Models/Bass Drum.fbx
  artifactKey: Guid(76b8241fc0a148e41914e9a6ca0b1d40) Importer(815301076,1909f56bfc062723c751e8b465ee728b)
Start importing Assets/Models/Bass Drum.fbx using Guid(76b8241fc0a148e41914e9a6ca0b1d40) Importer(815301076,1909f56bfc062723c751e8b465ee728b)  -> (artifact id: '5989110367ce767452fd2b028d72ce07') in 0.031411 seconds 
  Import took 0.033670 seconds .

========================================================================
Received Import Request.
  Time since last request: 0.000226 seconds.
  path: Assets/Models/Rack Tom Small.fbx
  artifactKey: Guid(cbe6b8f6d0e65a2409f4fe4c60637c46) Importer(815301076,1909f56bfc062723c751e8b465ee728b)
Start importing Assets/Models/Rack Tom Small.fbx using Guid(cbe6b8f6d0e65a2409f4fe4c60637c46) Importer(815301076,1909f56bfc062723c751e8b465ee728b)  -> (artifact id: '00a3a0712a7120de60297574780435f4') in 0.034168 seconds 
  Import took 0.036335 seconds .

========================================================================
Received Import Request.
  Time since last request: 0.000221 seconds.
  path: Assets/Models/Cymbal.fbx
  artifactKey: Guid(d00dcb99fed53724cac50648e488fe2f) Importer(815301076,1909f56bfc062723c751e8b465ee728b)
Start importing Assets/Models/Cymbal.fbx using Guid(d00dcb99fed53724cac50648e488fe2f) Importer(815301076,1909f56bfc062723c751e8b465ee728b)  -> (artifact id: '8e40fd7e7099f13bf66eb3b5d250260b') in 0.051707 seconds 
  Import took 0.053933 seconds .

========================================================================
Received Import Request.
  Time since last request: 1.757081 seconds.
  path: Assets/_Materials/Bean bags.png
  artifactKey: Guid(65907eb4bbd2b2348b376bfe14d7feef) Importer(815301076,1909f56bfc062723c751e8b465ee728b)
Start importing Assets/_Materials/Bean bags.png using Guid(65907eb4bbd2b2348b376bfe14d7feef) Importer(815301076,1909f56bfc062723c751e8b465ee728b)  -> (artifact id: 'bcd0c4c9c79eb59b297d8d7c4240c5e5') in 0.081741 seconds 
  Import took 0.084252 seconds .

========================================================================
Received Import Request.
  Time since last request: 0.000199 seconds.
  path: Assets/_Materials/Picture fram shelves boxes.png
  artifactKey: Guid(e26df974d5c57e64ebf81277766a5e1e) Importer(815301076,1909f56bfc062723c751e8b465ee728b)
Start importing Assets/_Materials/Picture fram shelves boxes.png using Guid(e26df974d5c57e64ebf81277766a5e1e) Importer(815301076,1909f56bfc062723c751e8b465ee728b)  -> (artifact id: '54b96b14d9fcbbfbf5f1b00bc2d7431d') in 0.040268 seconds 
  Import took 0.042428 seconds .

========================================================================
Received Import Request.
  Time since last request: 0.000228 seconds.
  path: Assets/_Materials/fake shadow circle.png
  artifactKey: Guid(11525e8a50eaaa14390e29ef514545d1) Importer(815301076,1909f56bfc062723c751e8b465ee728b)
Start importing Assets/_Materials/fake shadow circle.png using Guid(11525e8a50eaaa14390e29ef514545d1) Importer(815301076,1909f56bfc062723c751e8b465ee728b)  -> (artifact id: 'e195d49d18eefc4ec24faf54f132a544') in 0.012303 seconds 
  Import took 0.014624 seconds .

========================================================================
Received Import Request.
  Time since last request: 0.000168 seconds.
  path: Assets/_Materials/Carboard Boxes.png
  artifactKey: Guid(19c27116bdbeb9148a53f9f736ec513e) Importer(815301076,1909f56bfc062723c751e8b465ee728b)
Start importing Assets/_Materials/Carboard Boxes.png using Guid(19c27116bdbeb9148a53f9f736ec513e) Importer(815301076,1909f56bfc062723c751e8b465ee728b)  -> (artifact id: '9ce117cadb06df028c9c1231cd6f8425') in 0.028105 seconds 
  Import took 0.030554 seconds .

========================================================================
Received Import Request.
  Time since last request: 0.000211 seconds.
  path: Assets/_Materials/fake shadow room edge.png
  artifactKey: Guid(97ea992b771195348af2b1d1135642d9) Importer(815301076,1909f56bfc062723c751e8b465ee728b)
Start importing Assets/_Materials/fake shadow room edge.png using Guid(97ea992b771195348af2b1d1135642d9) Importer(815301076,1909f56bfc062723c751e8b465ee728b)  -> (artifact id: '3bf0580a684ca90878d5037e4d95dc97') in 0.010257 seconds 
  Import took 0.012885 seconds .

========================================================================
Received Import Request.
  Time since last request: 0.000178 seconds.
  path: Assets/_Materials/Indicator.mat
  artifactKey: Guid(08a1e32a503ad1c4d9c59cf178c7c451) Importer(815301076,1909f56bfc062723c751e8b465ee728b)
Start importing Assets/_Materials/Indicator.mat using Guid(08a1e32a503ad1c4d9c59cf178c7c451) Importer(815301076,1909f56bfc062723c751e8b465ee728b)  -> (artifact id: '20b96035e32351c4ee209bbe68969f6d') in 0.010852 seconds 
  Import took 0.013605 seconds .

========================================================================
Received Import Request.
  Time since last request: 0.000210 seconds.
  path: Assets/_Materials/Stairs.png
  artifactKey: Guid(87bf916ef974e3a4da1a5e4559171388) Importer(815301076,1909f56bfc062723c751e8b465ee728b)
Start importing Assets/_Materials/Stairs.png using Guid(87bf916ef974e3a4da1a5e4559171388) Importer(815301076,1909f56bfc062723c751e8b465ee728b)  -> (artifact id: '38600149c2bc0ec574467e67cbe87ecd') in 0.011899 seconds 
  Import took 0.014646 seconds .

========================================================================
Received Import Request.
  Time since last request: 0.000237 seconds.
  path: Assets/_Materials/Joists.png
  artifactKey: Guid(c38168e6a66d4f94fb42b4b9301aed2f) Importer(815301076,1909f56bfc062723c751e8b465ee728b)
Start importing Assets/_Materials/Joists.png using Guid(c38168e6a66d4f94fb42b4b9301aed2f) Importer(815301076,1909f56bfc062723c751e8b465ee728b)  -> (artifact id: '5960b8a1a4e22e6bb5e4c56a1fa1e65c') in 0.011989 seconds 
  Import took 0.014284 seconds .

========================================================================
Received Import Request.
  Time since last request: 0.000194 seconds.
  path: Assets/_Materials/Paint Cans.png
  artifactKey: Guid(1a0ff3955c301ce4187df0099400d7e8) Importer(815301076,1909f56bfc062723c751e8b465ee728b)
Start importing Assets/_Materials/Paint Cans.png using Guid(1a0ff3955c301ce4187df0099400d7e8) Importer(815301076,1909f56bfc062723c751e8b465ee728b)  -> (artifact id: 'a5224c3fb379240704b69f79e9b46dd5') in 0.013381 seconds 
  Import took 0.015882 seconds .

========================================================================
Received Import Request.
  Time since last request: 0.000208 seconds.
  path: Assets/_Materials/Scrap wood.png
  artifactKey: Guid(70585b6137debe9429cf2e4eac90fecc) Importer(815301076,1909f56bfc062723c751e8b465ee728b)
Start importing Assets/_Materials/Scrap wood.png using Guid(70585b6137debe9429cf2e4eac90fecc) Importer(815301076,1909f56bfc062723c751e8b465ee728b)  -> (artifact id: '83805f844e2653271b727b87f507e9a3') in 0.012696 seconds 
  Import took 0.015106 seconds .

========================================================================
Received Import Request.
  Time since last request: 0.000206 seconds.
  path: Assets/_Materials/Lights.png
  artifactKey: Guid(1a9f501c280b0af4ca627315046e4723) Importer(815301076,1909f56bfc062723c751e8b465ee728b)
Start importing Assets/_Materials/Lights.png using Guid(1a9f501c280b0af4ca627315046e4723) Importer(815301076,1909f56bfc062723c751e8b465ee728b)  -> (artifact id: '3f671d557d926cc3dcdc4b16e78601cf') in 0.012062 seconds 
  Import took 0.014545 seconds .

========================================================================
Received Import Request.
  Time since last request: 0.000220 seconds.
  path: Assets/_Materials/Room.png
  artifactKey: Guid(5adfa5a7436712643a022e975cfadeea) Importer(815301076,1909f56bfc062723c751e8b465ee728b)
Start importing Assets/_Materials/Room.png using Guid(5adfa5a7436712643a022e975cfadeea) Importer(815301076,1909f56bfc062723c751e8b465ee728b)  -> (artifact id: '4083fb118b2eac98dd3ac8f716f210fd') in 0.060881 seconds 
  Import took 0.064469 seconds .

========================================================================
Received Import Request.
  Time since last request: 0.000224 seconds.
  path: Assets/_Materials/fake shadow square.png
  artifactKey: Guid(a8e9ed2e3d011ad4ab3def3819cfebb9) Importer(815301076,1909f56bfc062723c751e8b465ee728b)
Start importing Assets/_Materials/fake shadow square.png using Guid(a8e9ed2e3d011ad4ab3def3819cfebb9) Importer(815301076,1909f56bfc062723c751e8b465ee728b)  -> (artifact id: '826b432d512cfac11424dd9d45632bc4') in 0.009894 seconds 
  Import took 0.012378 seconds .

========================================================================
Received Import Request.
  Time since last request: 0.000206 seconds.
  path: Assets/_Materials/Light Bulbs.mat
  artifactKey: Guid(ac4e24d2268f06e449c6a12621034f16) Importer(815301076,1909f56bfc062723c751e8b465ee728b)
Start importing Assets/_Materials/Light Bulbs.mat using Guid(ac4e24d2268f06e449c6a12621034f16) Importer(815301076,1909f56bfc062723c751e8b465ee728b)  -> (artifact id: '494b8a685218ec736875ca9fab7eca68') in 0.083767 seconds 
  Import took 0.086467 seconds .

========================================================================
Received Import Request.
  Time since last request: 0.000256 seconds.
  path: Assets/_Materials/Wood beams.png
  artifactKey: Guid(b4eafc1bd9546f849a42ac07668fb449) Importer(815301076,1909f56bfc062723c751e8b465ee728b)
Start importing Assets/_Materials/Wood beams.png using Guid(b4eafc1bd9546f849a42ac07668fb449) Importer(815301076,1909f56bfc062723c751e8b465ee728b)  -> (artifact id: 'e15e83e3e96b990d57bcf4fa5ba4343f') in 0.013040 seconds 
  Import took 0.015814 seconds .

========================================================================
Received Import Request.
  Time since last request: 6.772872 seconds.
  path: Assets/Scenes/Main Scene
  artifactKey: Guid(e3ace3213c5b0664abc5673415a09ace) Importer(815301076,1909f56bfc062723c751e8b465ee728b)
Start importing Assets/Scenes/Main Scene using Guid(e3ace3213c5b0664abc5673415a09ace) Importer(815301076,1909f56bfc062723c751e8b465ee728b)  -> (artifact id: '19b6f4c99903f1b29dc67c1507a37a4f') in 0.006371 seconds 
  Import took 0.008592 seconds .

========================================================================
Received Import Request.
  Time since last request: 0.089964 seconds.
  path: Assets/Scenes/Main Scene/LightingData.asset
  artifactKey: Guid(fb5344ef8ccaf3841ab5dcaf89d5d0ae) Importer(815301076,1909f56bfc062723c751e8b465ee728b)
Start importing Assets/Scenes/Main Scene/LightingData.asset using Guid(fb5344ef8ccaf3841ab5dcaf89d5d0ae) Importer(815301076,1909f56bfc062723c751e8b465ee728b)  -> (artifact id: '2653f873dc9d3401fe202253290881b1') in 0.023863 seconds 
  Import took 0.026686 seconds .

========================================================================
Received Import Request.
  Time since last request: 0.000195 seconds.
  path: Assets/Scenes/Main Scene/Lightmap-0_comp_shadowmask.png
  artifactKey: Guid(c27219431322ab841a4a88327a4dbda6) Importer(815301076,1909f56bfc062723c751e8b465ee728b)
Start importing Assets/Scenes/Main Scene/Lightmap-0_comp_shadowmask.png using Guid(c27219431322ab841a4a88327a4dbda6) Importer(815301076,1909f56bfc062723c751e8b465ee728b)  -> (artifact id: '9eae91df117ad89c1312e64eacdfc47a') in 0.039683 seconds 
  Import took 0.042865 seconds .

========================================================================
Received Import Request.
  Time since last request: 0.000219 seconds.
  path: Assets/Scenes/Main Scene/Lightmap-0_comp_dir.png
  artifactKey: Guid(823d766ed8342c64bb8067be0dd882d5) Importer(815301076,1909f56bfc062723c751e8b465ee728b)
Start importing Assets/Scenes/Main Scene/Lightmap-0_comp_dir.png using Guid(823d766ed8342c64bb8067be0dd882d5) Importer(815301076,1909f56bfc062723c751e8b465ee728b)  -> (artifact id: 'f24cccec490e3b2f623f6d7446ec9dcb') in 0.012924 seconds 
  Import took 0.015307 seconds .

========================================================================
Received Import Request.
  Time since last request: 0.000193 seconds.
  path: Assets/Scenes/Main Scene/ReflectionProbe-1.exr
  artifactKey: Guid(a84d2755566c05945b1bedbd71c8b7a0) Importer(815301076,1909f56bfc062723c751e8b465ee728b)
Start importing Assets/Scenes/Main Scene/ReflectionProbe-1.exr using Guid(a84d2755566c05945b1bedbd71c8b7a0) Importer(815301076,1909f56bfc062723c751e8b465ee728b)  -> (artifact id: 'b515e9c81aa44564ec1388222fd40936') in 0.049038 seconds 
  Import took 0.051239 seconds .

========================================================================
Received Import Request.
  Time since last request: 0.000230 seconds.
  path: Assets/Scenes/Main Scene/Lightmap-0_comp_light.exr
  artifactKey: Guid(0faf04f51c772134ab2513b7a1277431) Importer(815301076,1909f56bfc062723c751e8b465ee728b)
Start importing Assets/Scenes/Main Scene/Lightmap-0_comp_light.exr using Guid(0faf04f51c772134ab2513b7a1277431) Importer(815301076,1909f56bfc062723c751e8b465ee728b)  -> (artifact id: 'c3a182908ce3d5beaea140625e92be8d') in 0.016576 seconds 
  Import took 0.019103 seconds .

========================================================================
Received Import Request.
  Time since last request: 0.000231 seconds.
  path: Assets/Scenes/Main Scene/ReflectionProbe-0.exr
  artifactKey: Guid(68edbd4c861ca224d89bb3674cb6c2d9) Importer(815301076,1909f56bfc062723c751e8b465ee728b)
Start importing Assets/Scenes/Main Scene/ReflectionProbe-0.exr using Guid(68edbd4c861ca224d89bb3674cb6c2d9) Importer(815301076,1909f56bfc062723c751e8b465ee728b)  -> (artifact id: 'fdc6dbb2c4027b0796a2f3882d0cbbea') in 0.015615 seconds 
  Import took 0.018138 seconds .

