Using pre-set license
Built from '2020.3/staging' branch; Version is '2020.3.26f1 (7298b473bc1a) revision 7510196'; Using compiler version '192528614'; Build Type 'Release'
OS: 'Windows 10  (10.0.19044) 64bit Professional' Language: 'en' Physical Memory: 16319 MB
BatchMode: 1, IsHumanControllingUs: 0, StartBugReporterOnCrash: 0, Is64bit: 1, IsPro: 0

COMMAND LINE ARGUMENTS:
C:\Program Files\Unity\Hub\Editor\2020.3.26f1\Editor\Unity.exe
-adb2
-batchMode
-noUpm
-name
AssetImportWorker0
-projectPath
C:/Users/spark/Desktop/Unity Files/New Unity Project (1)
-logFile
Logs/AssetImportWorker0.log
-srvPort
55120
Successfully changed project path to: C:/Users/spark/Desktop/Unity Files/New Unity Project (1)
C:/Users/spark/Desktop/Unity Files/New Unity Project (1)
Using Asset Import Pipeline V2.
Refreshing native plugins compatible for Editor in 43.39 ms, found 7 plugins.
Preloading 0 native plugins for Editor in 0.00 ms.
Initialize engine version: 2020.3.26f1 (7298b473bc1a)
[Subsystems] Discovering subsystems at path C:/Program Files/Unity/Hub/Editor/2020.3.26f1/Editor/Data/Resources/UnitySubsystems
[Subsystems] Discovering subsystems at path C:/Users/spark/Desktop/Unity Files/New Unity Project (1)/Assets
GfxDevice: creating device client; threaded=0
Direct3D:
    Version:  Direct3D 11.0 [level 11.1]
    Renderer: NVIDIA Quadro M4000 (ID=0x13f1)
    Vendor:   
    VRAM:     8144 MB
    Driver:   30.0.14.7247
Initialize mono
Mono path[0] = 'C:/Program Files/Unity/Hub/Editor/2020.3.26f1/Editor/Data/Managed'
Mono path[1] = 'C:/Program Files/Unity/Hub/Editor/2020.3.26f1/Editor/Data/MonoBleedingEdge/lib/mono/unityjit'
Mono config path = 'C:/Program Files/Unity/Hub/Editor/2020.3.26f1/Editor/Data/MonoBleedingEdge/etc'
Using monoOptions --debugger-agent=transport=dt_socket,embedding=1,server=y,suspend=n,address=127.0.0.1:56196
Begin MonoManager ReloadAssembly
Registering precompiled unity dll's ...
Register platform support module: C:/Program Files/Unity/Hub/Editor/2020.3.26f1/Editor/Data/PlaybackEngines/WebGLSupport/UnityEditor.WebGL.Extensions.dll
Register platform support module: C:/Program Files/Unity/Hub/Editor/2020.3.26f1/Editor/Data/PlaybackEngines/WindowsStandaloneSupport/UnityEditor.WindowsStandalone.Extensions.dll
Registered in 0.001916 seconds.
Native extension for WindowsStandalone target not found
Native extension for WebGL target not found
Refreshing native plugins compatible for Editor in 37.34 ms, found 7 plugins.
Preloading 0 native plugins for Editor in 0.00 ms.
Mono: successfully reloaded assembly
- Completed reload, in  0.495 seconds
Domain Reload Profiling:
	ReloadAssembly (496ms)
		BeginReloadAssembly (46ms)
			ExecutionOrderSort (0ms)
			DisableScriptedObjects (0ms)
			BackupInstance (0ms)
			ReleaseScriptingObjects (0ms)
			CreateAndSetChildDomain (1ms)
		EndReloadAssembly (387ms)
			LoadAssemblies (44ms)
			RebuildTransferFunctionScriptingTraits (0ms)
			SetupTypeCache (127ms)
			ReleaseScriptCaches (0ms)
			RebuildScriptCaches (27ms)
			SetupLoadedEditorAssemblies (147ms)
				LogAssemblyErrors (0ms)
				InitializePlatformSupportModulesInManaged (5ms)
				SetLoadedEditorAssemblies (0ms)
				RefreshPlugins (37ms)
				BeforeProcessingInitializeOnLoad (7ms)
				ProcessInitializeOnLoadAttributes (73ms)
				ProcessInitializeOnLoadMethodAttributes (24ms)
				AfterProcessingInitializeOnLoad (0ms)
				EditorAssembliesLoaded (0ms)
			ExecutionOrderSort2 (0ms)
			AwakeInstancesAfterBackupRestoration (0ms)
Platform modules already initialized, skipping
Registering precompiled user dll's ...
Registered in 0.004844 seconds.
Begin MonoManager ReloadAssembly
Native extension for WindowsStandalone target not found
Native extension for WebGL target not found
Refreshing native plugins compatible for Editor in 37.01 ms, found 7 plugins.
Preloading 0 native plugins for Editor in 0.00 ms.
Mono: successfully reloaded assembly
- Completed reload, in  1.026 seconds
Domain Reload Profiling:
	ReloadAssembly (1027ms)
		BeginReloadAssembly (129ms)
			ExecutionOrderSort (0ms)
			DisableScriptedObjects (5ms)
			BackupInstance (0ms)
			ReleaseScriptingObjects (0ms)
			CreateAndSetChildDomain (17ms)
		EndReloadAssembly (842ms)
			LoadAssemblies (78ms)
			RebuildTransferFunctionScriptingTraits (0ms)
			SetupTypeCache (266ms)
			ReleaseScriptCaches (0ms)
			RebuildScriptCaches (47ms)
			SetupLoadedEditorAssemblies (340ms)
				LogAssemblyErrors (0ms)
				InitializePlatformSupportModulesInManaged (4ms)
				SetLoadedEditorAssemblies (0ms)
				RefreshPlugins (37ms)
				BeforeProcessingInitializeOnLoad (66ms)
				ProcessInitializeOnLoadAttributes (217ms)
				ProcessInitializeOnLoadMethodAttributes (11ms)
				AfterProcessingInitializeOnLoad (5ms)
				EditorAssembliesLoaded (0ms)
			ExecutionOrderSort2 (0ms)
			AwakeInstancesAfterBackupRestoration (5ms)
Platform modules already initialized, skipping
========================================================================
Worker process is ready to serve import requests
Launched and connected shader compiler UnityShaderCompiler.exe after 0.06 seconds
Refreshing native plugins compatible for Editor in 0.59 ms, found 7 plugins.
Preloading 0 native plugins for Editor in 0.00 ms.
Unloading 2317 Unused Serialized files (Serialized files now loaded: 0)
System memory in use before: 96.6 MB.
System memory in use after: 96.8 MB.

Unloading 37 unused Assets to reduce memory usage. Loaded Objects now: 2741.
Total: 2.700500 ms (FindLiveObjects: 0.187900 ms CreateObjectMapping: 0.134700 ms MarkObjects: 2.317200 ms  DeleteObjects: 0.060000 ms)

AssetImportParameters requested are different than current active one (requested -> active):
  custom:framework-win-MediaFoundation: 216162199b28c13a410421893ffa2e32 -> 
  custom:video-decoder-ogg-theora: a1e56fd34408186e4bbccfd4996cb3dc -> 
  custom:container-muxer-webm: aa71ff27fc2769a1b78a27578f13a17b -> 
  custom:container-demuxer-webm: 4f35f7cbe854078d1ac9338744f61a02 -> 
  custom:container-demuxer-ogg: 62fdf1f143b41e24485cea50d1cbac27 -> 
  custom:video-encoder-webm-vp8: eb34c28f22e8b96e1ab97ce403110664 -> 
  custom:video-decoder-webm-vp8: 9c59270c3fd7afecdb556c50c9e8de78 -> 
  custom:audio-decoder-ogg-vorbis: bf7c407c2cedff20999df2af8eb42d56 -> 
  custom:audio-encoder-webm-vorbis: bf7c407c2cedff20999df2af8eb42d56 -> 
========================================================================
Received Import Request.
  path: Assets/InputSystem.inputsettings.asset
  artifactKey: Guid(c8408e16f1665814db82bf59e99e9c6d) Importer(815301076,1909f56bfc062723c751e8b465ee728b)
Start importing Assets/InputSystem.inputsettings.asset using Guid(c8408e16f1665814db82bf59e99e9c6d) Importer(815301076,1909f56bfc062723c751e8b465ee728b)  -> (artifact id: 'c8c15c934ec0797bb3d47658a078afdb') in 0.030414 seconds 
  Import took 0.033275 seconds .

========================================================================
Received Prepare
Refreshing native plugins compatible for Editor in 10.08 ms, found 7 plugins.
Preloading 0 native plugins for Editor in 0.00 ms.
Unloading 27 Unused Serialized files (Serialized files now loaded: 0)
System memory in use before: 51.2 MB.
System memory in use after: 51.4 MB.

Unloading 28 unused Assets to reduce memory usage. Loaded Objects now: 2740.
Total: 3.364300 ms (FindLiveObjects: 0.220800 ms CreateObjectMapping: 0.136000 ms MarkObjects: 2.986500 ms  DeleteObjects: 0.020400 ms)

AssetImportParameters requested are different than current active one (requested -> active):
  custom:framework-win-MediaFoundation: 216162199b28c13a410421893ffa2e32 -> 
  custom:video-decoder-ogg-theora: a1e56fd34408186e4bbccfd4996cb3dc -> 
  custom:container-muxer-webm: aa71ff27fc2769a1b78a27578f13a17b -> 
  custom:container-demuxer-webm: 4f35f7cbe854078d1ac9338744f61a02 -> 
  custom:container-demuxer-ogg: 62fdf1f143b41e24485cea50d1cbac27 -> 
  custom:video-encoder-webm-vp8: eb34c28f22e8b96e1ab97ce403110664 -> 
  custom:video-decoder-webm-vp8: 9c59270c3fd7afecdb556c50c9e8de78 -> 
  custom:audio-decoder-ogg-vorbis: bf7c407c2cedff20999df2af8eb42d56 -> 
  custom:audio-encoder-webm-vorbis: bf7c407c2cedff20999df2af8eb42d56 -> 
========================================================================
Received Prepare
Registering precompiled user dll's ...
Registered in 0.005166 seconds.
Begin MonoManager ReloadAssembly
Native extension for WindowsStandalone target not found
Native extension for WebGL target not found
Refreshing native plugins compatible for Editor in 0.53 ms, found 7 plugins.
Preloading 0 native plugins for Editor in 0.00 ms.
Mono: successfully reloaded assembly
- Completed reload, in  0.907 seconds
Domain Reload Profiling:
	ReloadAssembly (908ms)
		BeginReloadAssembly (103ms)
			ExecutionOrderSort (0ms)
			DisableScriptedObjects (4ms)
			BackupInstance (0ms)
			ReleaseScriptingObjects (0ms)
			CreateAndSetChildDomain (29ms)
		EndReloadAssembly (752ms)
			LoadAssemblies (73ms)
			RebuildTransferFunctionScriptingTraits (0ms)
			SetupTypeCache (254ms)
			ReleaseScriptCaches (1ms)
			RebuildScriptCaches (35ms)
			SetupLoadedEditorAssemblies (292ms)
				LogAssemblyErrors (0ms)
				InitializePlatformSupportModulesInManaged (4ms)
				SetLoadedEditorAssemblies (0ms)
				RefreshPlugins (1ms)
				BeforeProcessingInitializeOnLoad (51ms)
				ProcessInitializeOnLoadAttributes (220ms)
				ProcessInitializeOnLoadMethodAttributes (11ms)
				AfterProcessingInitializeOnLoad (5ms)
				EditorAssembliesLoaded (0ms)
			ExecutionOrderSort2 (0ms)
			AwakeInstancesAfterBackupRestoration (6ms)
Platform modules already initialized, skipping
Refreshing native plugins compatible for Editor in 0.54 ms, found 7 plugins.
Preloading 0 native plugins for Editor in 0.00 ms.
Unloading 2304 Unused Serialized files (Serialized files now loaded: 0)
System memory in use before: 96.4 MB.
System memory in use after: 96.6 MB.

Unloading 30 unused Assets to reduce memory usage. Loaded Objects now: 2743.
Total: 2.691000 ms (FindLiveObjects: 0.168100 ms CreateObjectMapping: 0.088100 ms MarkObjects: 2.415100 ms  DeleteObjects: 0.018500 ms)

AssetImportParameters requested are different than current active one (requested -> active):
  custom:framework-win-MediaFoundation: 216162199b28c13a410421893ffa2e32 -> 
  custom:video-decoder-ogg-theora: a1e56fd34408186e4bbccfd4996cb3dc -> 
  custom:container-muxer-webm: aa71ff27fc2769a1b78a27578f13a17b -> 
  custom:container-demuxer-webm: 4f35f7cbe854078d1ac9338744f61a02 -> 
  custom:container-demuxer-ogg: 62fdf1f143b41e24485cea50d1cbac27 -> 
  custom:video-encoder-webm-vp8: eb34c28f22e8b96e1ab97ce403110664 -> 
  custom:video-decoder-webm-vp8: 9c59270c3fd7afecdb556c50c9e8de78 -> 
  custom:audio-decoder-ogg-vorbis: bf7c407c2cedff20999df2af8eb42d56 -> 
  custom:audio-encoder-webm-vorbis: bf7c407c2cedff20999df2af8eb42d56 -> 
========================================================================
Received Prepare
Registering precompiled user dll's ...
Registered in 0.004952 seconds.
Begin MonoManager ReloadAssembly
Native extension for WindowsStandalone target not found
Native extension for WebGL target not found
Refreshing native plugins compatible for Editor in 0.53 ms, found 7 plugins.
Preloading 0 native plugins for Editor in 0.00 ms.
Mono: successfully reloaded assembly
- Completed reload, in  0.906 seconds
Domain Reload Profiling:
	ReloadAssembly (906ms)
		BeginReloadAssembly (97ms)
			ExecutionOrderSort (0ms)
			DisableScriptedObjects (4ms)
			BackupInstance (0ms)
			ReleaseScriptingObjects (0ms)
			CreateAndSetChildDomain (28ms)
		EndReloadAssembly (757ms)
			LoadAssemblies (73ms)
			RebuildTransferFunctionScriptingTraits (0ms)
			SetupTypeCache (254ms)
			ReleaseScriptCaches (1ms)
			RebuildScriptCaches (35ms)
			SetupLoadedEditorAssemblies (296ms)
				LogAssemblyErrors (0ms)
				InitializePlatformSupportModulesInManaged (4ms)
				SetLoadedEditorAssemblies (0ms)
				RefreshPlugins (1ms)
				BeforeProcessingInitializeOnLoad (58ms)
				ProcessInitializeOnLoadAttributes (218ms)
				ProcessInitializeOnLoadMethodAttributes (10ms)
				AfterProcessingInitializeOnLoad (6ms)
				EditorAssembliesLoaded (0ms)
			ExecutionOrderSort2 (0ms)
			AwakeInstancesAfterBackupRestoration (6ms)
Platform modules already initialized, skipping
Refreshing native plugins compatible for Editor in 0.55 ms, found 7 plugins.
Preloading 0 native plugins for Editor in 0.00 ms.
Unloading 2304 Unused Serialized files (Serialized files now loaded: 0)
System memory in use before: 96.4 MB.
System memory in use after: 96.7 MB.

Unloading 30 unused Assets to reduce memory usage. Loaded Objects now: 2746.
Total: 2.856400 ms (FindLiveObjects: 0.204000 ms CreateObjectMapping: 0.101500 ms MarkObjects: 2.527000 ms  DeleteObjects: 0.022500 ms)

AssetImportParameters requested are different than current active one (requested -> active):
  custom:framework-win-MediaFoundation: 216162199b28c13a410421893ffa2e32 -> 
  custom:video-decoder-ogg-theora: a1e56fd34408186e4bbccfd4996cb3dc -> 
  custom:container-muxer-webm: aa71ff27fc2769a1b78a27578f13a17b -> 
  custom:container-demuxer-webm: 4f35f7cbe854078d1ac9338744f61a02 -> 
  custom:container-demuxer-ogg: 62fdf1f143b41e24485cea50d1cbac27 -> 
  custom:video-encoder-webm-vp8: eb34c28f22e8b96e1ab97ce403110664 -> 
  custom:video-decoder-webm-vp8: 9c59270c3fd7afecdb556c50c9e8de78 -> 
  custom:audio-decoder-ogg-vorbis: bf7c407c2cedff20999df2af8eb42d56 -> 
  custom:audio-encoder-webm-vorbis: bf7c407c2cedff20999df2af8eb42d56 -> 
========================================================================
Received Prepare
Registering precompiled user dll's ...
Registered in 0.004848 seconds.
Begin MonoManager ReloadAssembly
Native extension for WindowsStandalone target not found
Native extension for WebGL target not found
Refreshing native plugins compatible for Editor in 0.64 ms, found 7 plugins.
Preloading 0 native plugins for Editor in 0.00 ms.
Mono: successfully reloaded assembly
- Completed reload, in  0.922 seconds
Domain Reload Profiling:
	ReloadAssembly (922ms)
		BeginReloadAssembly (106ms)
			ExecutionOrderSort (0ms)
			DisableScriptedObjects (4ms)
			BackupInstance (0ms)
			ReleaseScriptingObjects (0ms)
			CreateAndSetChildDomain (27ms)
		EndReloadAssembly (757ms)
			LoadAssemblies (78ms)
			RebuildTransferFunctionScriptingTraits (0ms)
			SetupTypeCache (247ms)
			ReleaseScriptCaches (1ms)
			RebuildScriptCaches (34ms)
			SetupLoadedEditorAssemblies (303ms)
				LogAssemblyErrors (0ms)
				InitializePlatformSupportModulesInManaged (7ms)
				SetLoadedEditorAssemblies (1ms)
				RefreshPlugins (1ms)
				BeforeProcessingInitializeOnLoad (66ms)
				ProcessInitializeOnLoadAttributes (214ms)
				ProcessInitializeOnLoadMethodAttributes (10ms)
				AfterProcessingInitializeOnLoad (5ms)
				EditorAssembliesLoaded (0ms)
			ExecutionOrderSort2 (0ms)
			AwakeInstancesAfterBackupRestoration (6ms)
Platform modules already initialized, skipping
Refreshing native plugins compatible for Editor in 0.56 ms, found 7 plugins.
Preloading 0 native plugins for Editor in 0.00 ms.
Unloading 2304 Unused Serialized files (Serialized files now loaded: 0)
System memory in use before: 96.5 MB.
System memory in use after: 96.7 MB.

Unloading 30 unused Assets to reduce memory usage. Loaded Objects now: 2749.
Total: 2.649000 ms (FindLiveObjects: 0.189900 ms CreateObjectMapping: 0.097800 ms MarkObjects: 2.340700 ms  DeleteObjects: 0.019700 ms)

AssetImportParameters requested are different than current active one (requested -> active):
  custom:framework-win-MediaFoundation: 216162199b28c13a410421893ffa2e32 -> 
  custom:video-decoder-ogg-theora: a1e56fd34408186e4bbccfd4996cb3dc -> 
  custom:container-muxer-webm: aa71ff27fc2769a1b78a27578f13a17b -> 
  custom:container-demuxer-webm: 4f35f7cbe854078d1ac9338744f61a02 -> 
  custom:container-demuxer-ogg: 62fdf1f143b41e24485cea50d1cbac27 -> 
  custom:video-encoder-webm-vp8: eb34c28f22e8b96e1ab97ce403110664 -> 
  custom:video-decoder-webm-vp8: 9c59270c3fd7afecdb556c50c9e8de78 -> 
  custom:audio-decoder-ogg-vorbis: bf7c407c2cedff20999df2af8eb42d56 -> 
  custom:audio-encoder-webm-vorbis: bf7c407c2cedff20999df2af8eb42d56 -> 
========================================================================
Received Import Request.
  Time since last request: 346.322958 seconds.
  path: Assets/_Materials/Drum Kit Materials/Shell.mat
  artifactKey: Guid(f92945ba464778b478fba116934d3599) Importer(815301076,1909f56bfc062723c751e8b465ee728b)
Start importing Assets/_Materials/Drum Kit Materials/Shell.mat using Guid(f92945ba464778b478fba116934d3599) Importer(815301076,1909f56bfc062723c751e8b465ee728b)  -> (artifact id: 'd1af677c4a54ba6f8206c729dd435514') in 0.089283 seconds 
  Import took 0.092483 seconds .

========================================================================
Received Import Request.
  Time since last request: 0.014402 seconds.
  path: Assets/XRI/Settings
  artifactKey: Guid(d1f1465f5f1675c42a7d6f90a40b22f5) Importer(815301076,1909f56bfc062723c751e8b465ee728b)
Start importing Assets/XRI/Settings using Guid(d1f1465f5f1675c42a7d6f90a40b22f5) Importer(815301076,1909f56bfc062723c751e8b465ee728b)  -> (artifact id: 'b3f6181218696743309b5982f56c6102') in 0.005622 seconds 
  Import took 0.008909 seconds .

========================================================================
Received Import Request.
  Time since last request: 0.002356 seconds.
  path: Assets/_Materials/Drum Kit Materials/Skin.mat
  artifactKey: Guid(55f6166e71c057f4a84ac41887b5127f) Importer(815301076,1909f56bfc062723c751e8b465ee728b)
Start importing Assets/_Materials/Drum Kit Materials/Skin.mat using Guid(55f6166e71c057f4a84ac41887b5127f) Importer(815301076,1909f56bfc062723c751e8b465ee728b)  -> (artifact id: 'eae57564d65edaafbe244eb7c149e968') in 0.016057 seconds 
  Import took 0.019183 seconds .

========================================================================
Received Import Request.
  Time since last request: 0.037243 seconds.
  path: Assets/Samples/XR Interaction Toolkit/2.0.0-pre.5/XR Device Simulator/XR Device Simulator Controls.inputactions
  artifactKey: Guid(da2b439d1a2de5c46a4f428f8cf4fe19) Importer(815301076,1909f56bfc062723c751e8b465ee728b)
Start importing Assets/Samples/XR Interaction Toolkit/2.0.0-pre.5/XR Device Simulator/XR Device Simulator Controls.inputactions using Guid(da2b439d1a2de5c46a4f428f8cf4fe19) Importer(815301076,1909f56bfc062723c751e8b465ee728b)  -> (artifact id: '5821fb75a8c029f76f48987a0330cdf0') in 0.017344 seconds 
  Import took 0.020330 seconds .

========================================================================
Received Import Request.
  Time since last request: 0.007621 seconds.
  path: Assets/_Materials/Drum Kit Materials/Rubber.mat
  artifactKey: Guid(dddde8b75bb13bf4fa3d419883a4defb) Importer(815301076,1909f56bfc062723c751e8b465ee728b)
Start importing Assets/_Materials/Drum Kit Materials/Rubber.mat using Guid(dddde8b75bb13bf4fa3d419883a4defb) Importer(815301076,1909f56bfc062723c751e8b465ee728b)  -> (artifact id: '326177e0025d77a0872f5d16588ee704') in 0.010325 seconds 
  Import took 0.013312 seconds .

========================================================================
Received Import Request.
  Time since last request: 0.028218 seconds.
  path: Assets/Scripts/AudioPlayer.cs
  artifactKey: Guid(472157bb8716a074691f4cb7c2c77836) Importer(815301076,1909f56bfc062723c751e8b465ee728b)
Start importing Assets/Scripts/AudioPlayer.cs using Guid(472157bb8716a074691f4cb7c2c77836) Importer(815301076,1909f56bfc062723c751e8b465ee728b)  -> (artifact id: '989fae03e467a8ff6bf8647dbb8b9c3d') in 0.005932 seconds 
  Import took 0.008833 seconds .

========================================================================
Received Import Request.
  Time since last request: 0.010616 seconds.
  path: Assets/Audio
  artifactKey: Guid(2d45c35443f964569bd56f788661f86e) Importer(815301076,1909f56bfc062723c751e8b465ee728b)
Start importing Assets/Audio using Guid(2d45c35443f964569bd56f788661f86e) Importer(815301076,1909f56bfc062723c751e8b465ee728b)  -> (artifact id: '012fb137dd6ae315e8d43914229f084d') in 0.004914 seconds 
  Import took 0.007838 seconds .

========================================================================
Received Import Request.
  Time since last request: 0.002563 seconds.
  path: Assets/Models
  artifactKey: Guid(d2bbd6c692b52df448f66c2b745b9143) Importer(815301076,1909f56bfc062723c751e8b465ee728b)
Start importing Assets/Models using Guid(d2bbd6c692b52df448f66c2b745b9143) Importer(815301076,1909f56bfc062723c751e8b465ee728b)  -> (artifact id: 'bc773ea631979be8c59f77c628101737') in 0.004595 seconds 
  Import took 0.007517 seconds .

========================================================================
Received Import Request.
  Time since last request: 0.027538 seconds.
  path: Assets/XR/Loaders/Open XR Loader.asset
  artifactKey: Guid(1392b1edbf4cab44da3e51573a8eec17) Importer(815301076,1909f56bfc062723c751e8b465ee728b)
Start importing Assets/XR/Loaders/Open XR Loader.asset using Guid(1392b1edbf4cab44da3e51573a8eec17) Importer(815301076,1909f56bfc062723c751e8b465ee728b) [XR] Error loading subsystem: Display (1) (header mismatch?)
 -> (artifact id: 'b940e0440c38237032959c7c0e4056e3') in 0.007732 seconds 
  Import took 0.010620 seconds .

========================================================================
Received Import Request.
  Time since last request: 0.010446 seconds.
  path: Assets/getStickHeading.cs
  artifactKey: Guid(f387f61ae972b9b4499f396fdeb39e2c) Importer(815301076,1909f56bfc062723c751e8b465ee728b)
Start importing Assets/getStickHeading.cs using Guid(f387f61ae972b9b4499f396fdeb39e2c) Importer(815301076,1909f56bfc062723c751e8b465ee728b)  -> (artifact id: 'a789d35c0fe980a8c83cdf3d05a818f8') in 0.004164 seconds 
  Import took 0.007181 seconds .

========================================================================
Received Import Request.
  Time since last request: 0.036714 seconds.
  path: Assets/_Materials/Materials/Wood beams.mat
  artifactKey: Guid(5b90662624c85754c97c2b0591eaa956) Importer(815301076,1909f56bfc062723c751e8b465ee728b)
Start importing Assets/_Materials/Materials/Wood beams.mat using Guid(5b90662624c85754c97c2b0591eaa956) Importer(815301076,1909f56bfc062723c751e8b465ee728b)  -> (artifact id: 'd5b8c010b3bc7428f14ad9144a9a05cf') in 0.024756 seconds 
  Import took 0.027709 seconds .

========================================================================
Received Import Request.
  Time since last request: 0.030639 seconds.
  path: Assets/XR/Settings
  artifactKey: Guid(e95fe61d3358b4047baaf880a607fd28) Importer(815301076,1909f56bfc062723c751e8b465ee728b)
Start importing Assets/XR/Settings using Guid(e95fe61d3358b4047baaf880a607fd28) Importer(815301076,1909f56bfc062723c751e8b465ee728b)  -> (artifact id: '886d1651176d82c567eecf8d4f54b32c') in 0.001542 seconds 
  Import took 0.004542 seconds .

========================================================================
Received Import Request.
  Time since last request: 0.011618 seconds.
  path: Assets/Samples/XR Interaction Toolkit
  artifactKey: Guid(19d4f511c0ac9bb45b4a07507667f6c7) Importer(815301076,1909f56bfc062723c751e8b465ee728b)
Start importing Assets/Samples/XR Interaction Toolkit using Guid(19d4f511c0ac9bb45b4a07507667f6c7) Importer(815301076,1909f56bfc062723c751e8b465ee728b)  -> (artifact id: 'b2512b0e405d8738e488cc7e4516d076') in 0.004576 seconds 
  Import took 0.007540 seconds .

========================================================================
Received Import Request.
  Time since last request: 0.002592 seconds.
  path: Assets/_Materials
  artifactKey: Guid(fa53ca0114ad1934286adbcdcb35e542) Importer(815301076,1909f56bfc062723c751e8b465ee728b)
Start importing Assets/_Materials using Guid(fa53ca0114ad1934286adbcdcb35e542) Importer(815301076,1909f56bfc062723c751e8b465ee728b)  -> (artifact id: 'c9cd89c51fc2c577d665645bb586717e') in 0.004498 seconds 
  Import took 0.007770 seconds .

========================================================================
Received Import Request.
  Time since last request: 0.018533 seconds.
  path: Assets/Prefabs
  artifactKey: Guid(881946f670e0d214494a6cb9b19f7806) Importer(815301076,1909f56bfc062723c751e8b465ee728b)
Start importing Assets/Prefabs using Guid(881946f670e0d214494a6cb9b19f7806) Importer(815301076,1909f56bfc062723c751e8b465ee728b)  -> (artifact id: 'ce5d248b71484c7ff27ab39e43307299') in 0.004488 seconds 
  Import took 0.007519 seconds .

========================================================================
Received Import Request.
  Time since last request: 0.002597 seconds.
  path: Assets/_Audio
  artifactKey: Guid(599b37e69339d044abc4e65078b38068) Importer(815301076,1909f56bfc062723c751e8b465ee728b)
Start importing Assets/_Audio using Guid(599b37e69339d044abc4e65078b38068) Importer(815301076,1909f56bfc062723c751e8b465ee728b)  -> (artifact id: 'f3509492020eb7eb1ecd2b6c838d2707') in 0.004486 seconds 
  Import took 0.007363 seconds .

========================================================================
Received Import Request.
  Time since last request: 0.004383 seconds.
  path: Assets/_Materials/Drum Kit Materials/Seat Cover.mat
  artifactKey: Guid(b7a2a20f2f7cbaa4d9d1bd31bf38254e) Importer(815301076,1909f56bfc062723c751e8b465ee728b)
Start importing Assets/_Materials/Drum Kit Materials/Seat Cover.mat using Guid(b7a2a20f2f7cbaa4d9d1bd31bf38254e) Importer(815301076,1909f56bfc062723c751e8b465ee728b)  -> (artifact id: '3027b49ce86ddaf9f5919f30038a963a') in 0.009743 seconds 
  Import took 0.012755 seconds .

========================================================================
Received Import Request.
  Time since last request: 0.038465 seconds.
  path: Assets/XR/Loaders
  artifactKey: Guid(5f2e745394094474783ad0a647d7cf32) Importer(815301076,1909f56bfc062723c751e8b465ee728b)
Start importing Assets/XR/Loaders using Guid(5f2e745394094474783ad0a647d7cf32) Importer(815301076,1909f56bfc062723c751e8b465ee728b)  -> (artifact id: '713e88d2b1cbce67583217ae3721bbb4') in 0.004487 seconds 
  Import took 0.007679 seconds .

========================================================================
Received Import Request.
  Time since last request: 0.019762 seconds.
  path: Assets/XR/Settings/Open XR Package Settings.asset
  artifactKey: Guid(7a6caf7a855aafb49a7b0bc1e916e0bd) Importer(815301076,1909f56bfc062723c751e8b465ee728b)
Start importing Assets/XR/Settings/Open XR Package Settings.asset using Guid(7a6caf7a855aafb49a7b0bc1e916e0bd) Importer(815301076,1909f56bfc062723c751e8b465ee728b)  -> (artifact id: '6f226946b27630471f1569f75718213c') in 0.016020 seconds 
  Import took 0.018974 seconds .

========================================================================
Received Import Request.
  Time since last request: 0.015831 seconds.
  path: Assets/Scenes
  artifactKey: Guid(cd97c14a280d24a48981a08e32fc4492) Importer(815301076,1909f56bfc062723c751e8b465ee728b)
Start importing Assets/Scenes using Guid(cd97c14a280d24a48981a08e32fc4492) Importer(815301076,1909f56bfc062723c751e8b465ee728b)  -> (artifact id: '2e48d52b1ae0e3d51f010a616dc5ba2a') in 0.004453 seconds 
  Import took 0.007412 seconds .

========================================================================
Received Import Request.
  Time since last request: 0.025129 seconds.
  path: Assets/Scenes/SampleScene.unity
  artifactKey: Guid(9fc0d4010bbf28b4594072e72b8655ab) Importer(815301076,1909f56bfc062723c751e8b465ee728b)
Start importing Assets/Scenes/SampleScene.unity using Guid(9fc0d4010bbf28b4594072e72b8655ab) Importer(815301076,1909f56bfc062723c751e8b465ee728b)  -> (artifact id: '3434edaeba1196c34e4b62db06b9bb4a') in 0.005150 seconds 
  Import took 0.008079 seconds .

========================================================================
Received Import Request.
  Time since last request: 0.018697 seconds.
  path: Assets/XR
  artifactKey: Guid(26d889725028fa64c9410f0c2392f5e3) Importer(815301076,1909f56bfc062723c751e8b465ee728b)
Start importing Assets/XR using Guid(26d889725028fa64c9410f0c2392f5e3) Importer(815301076,1909f56bfc062723c751e8b465ee728b)  -> (artifact id: '51c0ef7d0b7c1deac9e2a2db8331c789') in 0.004373 seconds 
  Import took 0.007366 seconds .

========================================================================
Received Import Request.
  Time since last request: 0.004002 seconds.
  path: Assets/Prefabs/DrumStickPref.prefab
  artifactKey: Guid(d344981a1bd45df4db6d6fb8164b4938) Importer(815301076,1909f56bfc062723c751e8b465ee728b)
Start importing Assets/Prefabs/DrumStickPref.prefab using Guid(d344981a1bd45df4db6d6fb8164b4938) Importer(815301076,1909f56bfc062723c751e8b465ee728b)  -> (artifact id: 'd8a232dbe0e277c992a709e9af68598c') in 0.018855 seconds 
  Import took 0.021892 seconds .

========================================================================
Received Import Request.
  Time since last request: 0.057661 seconds.
  path: Assets/XR/XRGeneralSettings.asset
  artifactKey: Guid(4c9e7db9a224f8c42a63041daf80c9e5) Importer(815301076,1909f56bfc062723c751e8b465ee728b)
Start importing Assets/XR/XRGeneralSettings.asset using Guid(4c9e7db9a224f8c42a63041daf80c9e5) Importer(815301076,1909f56bfc062723c751e8b465ee728b)  -> (artifact id: '313edd0eddeae9b855654ee7177a508d') in 0.009424 seconds 
  Import took 0.012369 seconds .

========================================================================
Received Import Request.
  Time since last request: 0.028105 seconds.
  path: Assets/_Materials/Drum Kit Materials
  artifactKey: Guid(81dffcdff15ea0e49a04441bce3e3aac) Importer(815301076,1909f56bfc062723c751e8b465ee728b)
Start importing Assets/_Materials/Drum Kit Materials using Guid(81dffcdff15ea0e49a04441bce3e3aac) Importer(815301076,1909f56bfc062723c751e8b465ee728b)  -> (artifact id: '202594d09eeb13cfc5647c004cba46de') in 0.005031 seconds 
  Import took 0.008476 seconds .

========================================================================
Received Import Request.
  Time since last request: 0.014379 seconds.
  path: Assets/XR/Settings/OpenXR Editor Settings.asset
  artifactKey: Guid(58ad6191ea6ff3e4db17cd5ff7048a95) Importer(815301076,1909f56bfc062723c751e8b465ee728b)
Start importing Assets/XR/Settings/OpenXR Editor Settings.asset using Guid(58ad6191ea6ff3e4db17cd5ff7048a95) Importer(815301076,1909f56bfc062723c751e8b465ee728b)  -> (artifact id: '35d34beac33227c2a610daa2649cafb2') in 0.006082 seconds 
  Import took 0.009267 seconds .

========================================================================
Received Import Request.
  Time since last request: 0.002551 seconds.
  path: Assets/XRI
  artifactKey: Guid(609a307071b411641aeb0c3df4865e2f) Importer(815301076,1909f56bfc062723c751e8b465ee728b)
Start importing Assets/XRI using Guid(609a307071b411641aeb0c3df4865e2f) Importer(815301076,1909f56bfc062723c751e8b465ee728b)  -> (artifact id: 'c3ad6026896c2a48136996f7641e2bb5') in 0.004529 seconds 
  Import took 0.007409 seconds .

========================================================================
Received Import Request.
  Time since last request: 0.009552 seconds.
  path: Assets/Samples
  artifactKey: Guid(2cc768ceb9c0a83408d3998510589d77) Importer(815301076,1909f56bfc062723c751e8b465ee728b)
Start importing Assets/Samples using Guid(2cc768ceb9c0a83408d3998510589d77) Importer(815301076,1909f56bfc062723c751e8b465ee728b)  -> (artifact id: 'ee877ef5b51410d048ce4d693100dc93') in 0.004397 seconds 
  Import took 0.007313 seconds .

========================================================================
Received Import Request.
  Time since last request: 0.049663 seconds.
  path: Assets/Samples/XR Interaction Toolkit/2.0.0-pre.5
  artifactKey: Guid(4817a56701e17424d860bb3bfda460ae) Importer(815301076,1909f56bfc062723c751e8b465ee728b)
Start importing Assets/Samples/XR Interaction Toolkit/2.0.0-pre.5 using Guid(4817a56701e17424d860bb3bfda460ae) Importer(815301076,1909f56bfc062723c751e8b465ee728b)  -> (artifact id: '6e7460a5a517e8931046deaf6a80d467') in 0.004488 seconds 
  Import took 0.007455 seconds .

========================================================================
Received Import Request.
  Time since last request: 0.037337 seconds.
  path: Assets/_Materials/Materials/Scrap wood.mat
  artifactKey: Guid(3a80f3fb7432f4e469c01b7e18b08af0) Importer(815301076,1909f56bfc062723c751e8b465ee728b)
Start importing Assets/_Materials/Materials/Scrap wood.mat using Guid(3a80f3fb7432f4e469c01b7e18b08af0) Importer(815301076,1909f56bfc062723c751e8b465ee728b)  -> (artifact id: '787652ebebd99daaa68b6890d2593e8a') in 0.012451 seconds 
  Import took 0.015740 seconds .

========================================================================
Received Import Request.
  Time since last request: 0.004888 seconds.
  path: Assets/Scenes/Main Scene.unity
  artifactKey: Guid(99c9720ab356a0642a771bea13969a05) Importer(815301076,1909f56bfc062723c751e8b465ee728b)
Start importing Assets/Scenes/Main Scene.unity using Guid(99c9720ab356a0642a771bea13969a05) Importer(815301076,1909f56bfc062723c751e8b465ee728b)  -> (artifact id: '8d890b04de8355c879206741629151d6') in 0.005249 seconds 
  Import took 0.008333 seconds .

========================================================================
Received Import Request.
  Time since last request: 0.032629 seconds.
  path: Assets/_Materials/Materials/Stairs.mat
  artifactKey: Guid(d55178f57dd3a3d4ba4be71605cb023d) Importer(815301076,1909f56bfc062723c751e8b465ee728b)
Start importing Assets/_Materials/Materials/Stairs.mat using Guid(d55178f57dd3a3d4ba4be71605cb023d) Importer(815301076,1909f56bfc062723c751e8b465ee728b)  -> (artifact id: '68cd930e1c00f6dc0e755cb38fb61e3a') in 0.013974 seconds 
  Import took 0.017744 seconds .

========================================================================
Received Import Request.
  Time since last request: 0.004959 seconds.
  path: Assets/XR/Loaders/Open XR Loader No Pre Init.asset
  artifactKey: Guid(5470606e3797a364fa079012b8463317) Importer(815301076,1909f56bfc062723c751e8b465ee728b)
Start importing Assets/XR/Loaders/Open XR Loader No Pre Init.asset using Guid(5470606e3797a364fa079012b8463317) Importer(815301076,1909f56bfc062723c751e8b465ee728b)  -> (artifact id: '4f80ed6c93e3b945ae6180d859d1577b') in 0.005797 seconds 
  Import took 0.009568 seconds .

========================================================================
Received Import Request.
  Time since last request: 0.064008 seconds.
  path: Assets/_Materials/Materials
  artifactKey: Guid(eea5175056b743a46a54f02fea110f6b) Importer(815301076,1909f56bfc062723c751e8b465ee728b)
Start importing Assets/_Materials/Materials using Guid(eea5175056b743a46a54f02fea110f6b) Importer(815301076,1909f56bfc062723c751e8b465ee728b)  -> (artifact id: 'ea97cb58c60314661f9d1af63f8ee3fe') in 0.004942 seconds 
  Import took 0.008132 seconds .

========================================================================
Received Prepare
Refreshing native plugins compatible for Editor in 7.27 ms, found 7 plugins.
Preloading 0 native plugins for Editor in 0.00 ms.
Unloading 27 Unused Serialized files (Serialized files now loaded: 0)
System memory in use before: 55.4 MB.
System memory in use after: 55.7 MB.

Unloading 27 unused Assets to reduce memory usage. Loaded Objects now: 2789.
Total: 3.846900 ms (FindLiveObjects: 0.191600 ms CreateObjectMapping: 0.100000 ms MarkObjects: 3.535500 ms  DeleteObjects: 0.018700 ms)

AssetImportParameters requested are different than current active one (requested -> active):
  custom:framework-win-MediaFoundation: 216162199b28c13a410421893ffa2e32 -> 
  custom:video-decoder-ogg-theora: a1e56fd34408186e4bbccfd4996cb3dc -> 
  custom:container-muxer-webm: aa71ff27fc2769a1b78a27578f13a17b -> 
  custom:container-demuxer-webm: 4f35f7cbe854078d1ac9338744f61a02 -> 
  custom:container-demuxer-ogg: 62fdf1f143b41e24485cea50d1cbac27 -> 
  custom:video-encoder-webm-vp8: eb34c28f22e8b96e1ab97ce403110664 -> 
  custom:video-decoder-webm-vp8: 9c59270c3fd7afecdb556c50c9e8de78 -> 
  custom:audio-decoder-ogg-vorbis: bf7c407c2cedff20999df2af8eb42d56 -> 
  custom:audio-encoder-webm-vorbis: bf7c407c2cedff20999df2af8eb42d56 -> 
========================================================================
Received Prepare
Registering precompiled user dll's ...
Registered in 0.006677 seconds.
Begin MonoManager ReloadAssembly
Native extension for WindowsStandalone target not found
Native extension for WebGL target not found
Refreshing native plugins compatible for Editor in 0.58 ms, found 7 plugins.
Preloading 0 native plugins for Editor in 0.00 ms.
Mono: successfully reloaded assembly
- Completed reload, in  1.009 seconds
Domain Reload Profiling:
	ReloadAssembly (1010ms)
		BeginReloadAssembly (117ms)
			ExecutionOrderSort (0ms)
			DisableScriptedObjects (4ms)
			BackupInstance (0ms)
			ReleaseScriptingObjects (0ms)
			CreateAndSetChildDomain (34ms)
		EndReloadAssembly (835ms)
			LoadAssemblies (85ms)
			RebuildTransferFunctionScriptingTraits (0ms)
			SetupTypeCache (294ms)
			ReleaseScriptCaches (1ms)
			RebuildScriptCaches (38ms)
			SetupLoadedEditorAssemblies (311ms)
				LogAssemblyErrors (0ms)
				InitializePlatformSupportModulesInManaged (4ms)
				SetLoadedEditorAssemblies (1ms)
				RefreshPlugins (1ms)
				BeforeProcessingInitializeOnLoad (57ms)
				ProcessInitializeOnLoadAttributes (228ms)
				ProcessInitializeOnLoadMethodAttributes (15ms)
				AfterProcessingInitializeOnLoad (6ms)
				EditorAssembliesLoaded (0ms)
			ExecutionOrderSort2 (0ms)
			AwakeInstancesAfterBackupRestoration (7ms)
Platform modules already initialized, skipping
Refreshing native plugins compatible for Editor in 0.55 ms, found 7 plugins.
Preloading 0 native plugins for Editor in 0.00 ms.
Unloading 2304 Unused Serialized files (Serialized files now loaded: 0)
System memory in use before: 99.7 MB.
System memory in use after: 100.0 MB.

Unloading 30 unused Assets to reduce memory usage. Loaded Objects now: 2792.
Total: 3.291200 ms (FindLiveObjects: 0.265200 ms CreateObjectMapping: 0.123800 ms MarkObjects: 2.865800 ms  DeleteObjects: 0.035300 ms)

AssetImportParameters requested are different than current active one (requested -> active):
  custom:framework-win-MediaFoundation: 216162199b28c13a410421893ffa2e32 -> 
  custom:video-decoder-ogg-theora: a1e56fd34408186e4bbccfd4996cb3dc -> 
  custom:container-muxer-webm: aa71ff27fc2769a1b78a27578f13a17b -> 
  custom:container-demuxer-webm: 4f35f7cbe854078d1ac9338744f61a02 -> 
  custom:container-demuxer-ogg: 62fdf1f143b41e24485cea50d1cbac27 -> 
  custom:video-encoder-webm-vp8: eb34c28f22e8b96e1ab97ce403110664 -> 
  custom:video-decoder-webm-vp8: 9c59270c3fd7afecdb556c50c9e8de78 -> 
  custom:audio-decoder-ogg-vorbis: bf7c407c2cedff20999df2af8eb42d56 -> 
  custom:audio-encoder-webm-vorbis: bf7c407c2cedff20999df2af8eb42d56 -> 
========================================================================
Received Import Request.
  Time since last request: 1013.059318 seconds.
  path: Assets/Scripts/trackStick.cs
  artifactKey: Guid(ae1d7c45523eb5941a9ce5abc84c8c6c) Importer(815301076,1909f56bfc062723c751e8b465ee728b)
Start importing Assets/Scripts/trackStick.cs using Guid(ae1d7c45523eb5941a9ce5abc84c8c6c) Importer(815301076,1909f56bfc062723c751e8b465ee728b)  -> (artifact id: 'eb595d5793c76846ac6f57945cdbccf1') in 0.009873 seconds 
  Import took 0.013536 seconds .

========================================================================
Received Prepare
Registering precompiled user dll's ...
Registered in 0.004920 seconds.
Begin MonoManager ReloadAssembly
Native extension for WindowsStandalone target not found
Native extension for WebGL target not found
Refreshing native plugins compatible for Editor in 0.62 ms, found 7 plugins.
Preloading 0 native plugins for Editor in 0.00 ms.
Mono: successfully reloaded assembly
- Completed reload, in  0.918 seconds
Domain Reload Profiling:
	ReloadAssembly (918ms)
		BeginReloadAssembly (106ms)
			ExecutionOrderSort (0ms)
			DisableScriptedObjects (4ms)
			BackupInstance (0ms)
			ReleaseScriptingObjects (0ms)
			CreateAndSetChildDomain (29ms)
		EndReloadAssembly (759ms)
			LoadAssemblies (75ms)
			RebuildTransferFunctionScriptingTraits (0ms)
			SetupTypeCache (254ms)
			ReleaseScriptCaches (1ms)
			RebuildScriptCaches (35ms)
			SetupLoadedEditorAssemblies (299ms)
				LogAssemblyErrors (0ms)
				InitializePlatformSupportModulesInManaged (4ms)
				SetLoadedEditorAssemblies (0ms)
				RefreshPlugins (1ms)
				BeforeProcessingInitializeOnLoad (56ms)
				ProcessInitializeOnLoadAttributes (222ms)
				ProcessInitializeOnLoadMethodAttributes (10ms)
				AfterProcessingInitializeOnLoad (5ms)
				EditorAssembliesLoaded (0ms)
			ExecutionOrderSort2 (0ms)
			AwakeInstancesAfterBackupRestoration (6ms)
Platform modules already initialized, skipping
Refreshing native plugins compatible for Editor in 0.54 ms, found 7 plugins.
Preloading 0 native plugins for Editor in 0.00 ms.
Unloading 2304 Unused Serialized files (Serialized files now loaded: 0)
System memory in use before: 99.6 MB.
System memory in use after: 99.9 MB.

Unloading 30 unused Assets to reduce memory usage. Loaded Objects now: 2795.
Total: 2.878000 ms (FindLiveObjects: 0.178700 ms CreateObjectMapping: 0.086100 ms MarkObjects: 2.596500 ms  DeleteObjects: 0.015600 ms)

AssetImportParameters requested are different than current active one (requested -> active):
  custom:framework-win-MediaFoundation: 216162199b28c13a410421893ffa2e32 -> 
  custom:video-decoder-ogg-theora: a1e56fd34408186e4bbccfd4996cb3dc -> 
  custom:container-muxer-webm: aa71ff27fc2769a1b78a27578f13a17b -> 
  custom:container-demuxer-webm: 4f35f7cbe854078d1ac9338744f61a02 -> 
  custom:container-demuxer-ogg: 62fdf1f143b41e24485cea50d1cbac27 -> 
  custom:video-encoder-webm-vp8: eb34c28f22e8b96e1ab97ce403110664 -> 
  custom:video-decoder-webm-vp8: 9c59270c3fd7afecdb556c50c9e8de78 -> 
  custom:audio-decoder-ogg-vorbis: bf7c407c2cedff20999df2af8eb42d56 -> 
  custom:audio-encoder-webm-vorbis: bf7c407c2cedff20999df2af8eb42d56 -> 
========================================================================
Received Prepare
Registering precompiled user dll's ...
Registered in 0.005697 seconds.
Begin MonoManager ReloadAssembly
Native extension for WindowsStandalone target not found
Native extension for WebGL target not found
Refreshing native plugins compatible for Editor in 0.53 ms, found 7 plugins.
Preloading 0 native plugins for Editor in 0.00 ms.
Mono: successfully reloaded assembly
- Completed reload, in  0.897 seconds
Domain Reload Profiling:
	ReloadAssembly (897ms)
		BeginReloadAssembly (96ms)
			ExecutionOrderSort (0ms)
			DisableScriptedObjects (5ms)
			BackupInstance (0ms)
			ReleaseScriptingObjects (0ms)
			CreateAndSetChildDomain (27ms)
		EndReloadAssembly (746ms)
			LoadAssemblies (76ms)
			RebuildTransferFunctionScriptingTraits (0ms)
			SetupTypeCache (254ms)
			ReleaseScriptCaches (1ms)
			RebuildScriptCaches (36ms)
			SetupLoadedEditorAssemblies (287ms)
				LogAssemblyErrors (0ms)
				InitializePlatformSupportModulesInManaged (4ms)
				SetLoadedEditorAssemblies (0ms)
				RefreshPlugins (1ms)
				BeforeProcessingInitializeOnLoad (52ms)
				ProcessInitializeOnLoadAttributes (214ms)
				ProcessInitializeOnLoadMethodAttributes (11ms)
				AfterProcessingInitializeOnLoad (5ms)
				EditorAssembliesLoaded (0ms)
			ExecutionOrderSort2 (0ms)
			AwakeInstancesAfterBackupRestoration (6ms)
Platform modules already initialized, skipping
Refreshing native plugins compatible for Editor in 0.55 ms, found 7 plugins.
Preloading 0 native plugins for Editor in 0.00 ms.
Unloading 2304 Unused Serialized files (Serialized files now loaded: 0)
System memory in use before: 99.8 MB.
System memory in use after: 100.0 MB.

Unloading 30 unused Assets to reduce memory usage. Loaded Objects now: 2798.
Total: 2.588300 ms (FindLiveObjects: 0.160200 ms CreateObjectMapping: 0.070300 ms MarkObjects: 2.341900 ms  DeleteObjects: 0.015200 ms)

AssetImportParameters requested are different than current active one (requested -> active):
  custom:framework-win-MediaFoundation: 216162199b28c13a410421893ffa2e32 -> 
  custom:video-decoder-ogg-theora: a1e56fd34408186e4bbccfd4996cb3dc -> 
  custom:container-muxer-webm: aa71ff27fc2769a1b78a27578f13a17b -> 
  custom:container-demuxer-webm: 4f35f7cbe854078d1ac9338744f61a02 -> 
  custom:container-demuxer-ogg: 62fdf1f143b41e24485cea50d1cbac27 -> 
  custom:video-encoder-webm-vp8: eb34c28f22e8b96e1ab97ce403110664 -> 
  custom:video-decoder-webm-vp8: 9c59270c3fd7afecdb556c50c9e8de78 -> 
  custom:audio-decoder-ogg-vorbis: bf7c407c2cedff20999df2af8eb42d56 -> 
  custom:audio-encoder-webm-vorbis: bf7c407c2cedff20999df2af8eb42d56 -> 
AssetImportWorkerClient::OnTransportError - code=2 error=End of file
